0 info it worked if it ends with ok
1 verbose cli [ 'D:\\Program Files\\nodejs\\node.exe',
1 verbose cli   'D:\\Program Files\\nodejs\\node_modules\\npm\\bin\\npm-cli.js',
1 verbose cli   'start' ]
2 info using npm@3.9.5
3 info using node@v6.2.2
4 verbose run-script [ 'prestart', 'start', 'poststart' ]
5 info lifecycle earlyWarning@0.0.0~prestart: earlyWarning@0.0.0
6 silly lifecycle earlyWarning@0.0.0~prestart: no script for prestart, continuing
7 info lifecycle earlyWarning@0.0.0~start: earlyWarning@0.0.0
8 verbose lifecycle earlyWarning@0.0.0~start: unsafe-perm in lifecycle true
9 verbose lifecycle earlyWarning@0.0.0~start: PATH: D:\Program Files\nodejs\node_modules\npm\bin\node-gyp-bin;F:\weartherWarning\node_modules\.bin;D:\Program Files\nodejs;D:\app\dell\product\11.2.0\client_1;D:\app\dell\product\11.2.0\client_1\bin;C:\ProgramData\Oracle\Java\javapath;C:\Program Files (x86)\Common Files\NetSarang;C:\Windows\system32;C:\Windows;C:\Windows\System32\Wbem;C:\Windows\System32\WindowsPowerShell\v1.0\;D:\Program Files\nodejs\;C:\Program Files\TortoiseGit\bin;C:\Program Files (x86)\Microsoft SQL Server\100\Tools\Binn\;C:\Program Files\Microsoft SQL Server\100\Tools\Binn\;C:\Program Files\Microsoft SQL Server\100\DTS\Binn\;C:\Program Files\Java\jdk1.8.0_102;C:\Users\dell\AppData\Local\Android\sdk\platform-tools;C:\Program Files\Git\cmd;C:\Users\dell\AppData\Roaming\npm;c:\program files\esafenet\cobra docguard client
10 verbose lifecycle earlyWarning@0.0.0~start: CWD: F:\weartherWarning
11 silly lifecycle earlyWarning@0.0.0~start: Args: [ '/d /s /c', 'node ./bin/www' ]
12 silly lifecycle earlyWarning@0.0.0~start: Returned: code: 1  signal: null
13 info lifecycle earlyWarning@0.0.0~start: Failed to exec start script
14 verbose stack Error: earlyWarning@0.0.0 start: `node ./bin/www`
14 verbose stack Exit status 1
14 verbose stack     at EventEmitter.<anonymous> (D:\Program Files\nodejs\node_modules\npm\lib\utils\lifecycle.js:245:16)
14 verbose stack     at emitTwo (events.js:106:13)
14 verbose stack     at EventEmitter.emit (events.js:191:7)
14 verbose stack     at ChildProcess.<anonymous> (D:\Program Files\nodejs\node_modules\npm\lib\utils\spawn.js:24:14)
14 verbose stack     at emitTwo (events.js:106:13)
14 verbose stack     at ChildProcess.emit (events.js:191:7)
14 verbose stack     at maybeClose (internal/child_process.js:852:16)
14 verbose stack     at Process.ChildProcess._handle.onexit (internal/child_process.js:215:5)
15 verbose pkgid earlyWarning@0.0.0
16 verbose cwd F:\weartherWarning
17 error Windows_NT 6.1.7601
18 error argv "D:\\Program Files\\nodejs\\node.exe" "D:\\Program Files\\nodejs\\node_modules\\npm\\bin\\npm-cli.js" "start"
19 error node v6.2.2
20 error npm  v3.9.5
21 error code ELIFECYCLE
22 error earlyWarning@0.0.0 start: `node ./bin/www`
22 error Exit status 1
23 error Failed at the earlyWarning@0.0.0 start script 'node ./bin/www'.
23 error Make sure you have the latest version of node.js and npm installed.
23 error If you do, this is most likely a problem with the earlyWarning package,
23 error not with npm itself.
23 error Tell the author that this fails on your system:
23 error     node ./bin/www
23 error You can get information on how to open an issue for this project with:
23 error     npm bugs earlyWarning
23 error Or if that isn't available, you can get their info via:
23 error     npm owner ls earlyWarning
23 error There is likely additional logging output above.
24 verbose exit [ 1, true ]
